<?xml version='1.0' encoding='UTF-8'?>
<testsuite hostname="pouya" name="koans.Flight04" tests="5" errors="0" failures="1" time="0.032">
                     <properties>
[...]
</properties>
                     <testcase classname="koans.Flight04" name="Refactoring var to val" time="0.023">
                                                 
                                               </testcase><testcase classname="koans.Flight04" name="List Shakespeare files in the given directory" time="0.003">
                                                 
                                               </testcase><testcase classname="koans.Flight04" name="First line of file" time="0.003">
                                                 
                                               </testcase><testcase classname="koans.Flight04" name="statement or question?" time="0.0">
                                                 
                                               </testcase><testcase classname="koans.Flight04" name="shakespeare files contain question or statement?" time="0.003">
                                                 <failure message="key not found: caesar.shkspr" type="java.util.NoSuchElementException">java.util.NoSuchElementException: key not found: caesar.shkspr
	at scala.collection.MapLike$class.default(MapLike.scala:228)
	at scala.collection.AbstractMap.default(Map.scala:59)
	at scala.collection.MapLike$class.apply(MapLike.scala:141)
	at scala.collection.AbstractMap.apply(Map.scala:59)
	at koans.Flight04$$anonfun$5.apply$mcV$sp(Flight04.scala:108)
	at koans.Flight04$$anonfun$5.apply(Flight04.scala:93)
	at koans.Flight04$$anonfun$5.apply(Flight04.scala:93)
	at org.scalatest.Transformer$$anonfun$apply$1.apply$mcV$sp(Transformer.scala:22)
	at org.scalatest.OutcomeOf$class.outcomeOf(OutcomeOf.scala:85)
	at org.scalatest.OutcomeOf$.outcomeOf(OutcomeOf.scala:104)
	at org.scalatest.Transformer.apply(Transformer.scala:22)
	at org.scalatest.Transformer.apply(Transformer.scala:20)
	at org.scalatest.FunSuiteLike$$anon$1.apply(FunSuiteLike.scala:166)
	at org.scalatest.Suite$class.withFixture(Suite.scala:1122)
	at koans.Flight04.org$scalatest$SeveredStackTraces$$super$withFixture(Flight04.scala:11)
	at org.scalatest.SeveredStackTraces$class.withFixture(SeveredStackTraces.scala:34)
	at koans.Flight04.withFixture(Flight04.scala:11)
	at org.scalatest.FunSuiteLike$class.invokeWithFixture$1(FunSuiteLike.scala:163)
	at org.scalatest.FunSuiteLike$$anonfun$runTest$1.apply(FunSuiteLike.scala:175)
	at org.scalatest.FunSuiteLike$$anonfun$runTest$1.apply(FunSuiteLike.scala:175)
	at org.scalatest.SuperEngine.runTestImpl(Engine.scala:306)
	at org.scalatest.FunSuiteLike$class.runTest(FunSuiteLike.scala:175)
	at org.scalatest.FunSuite.runTest(FunSuite.scala:1555)
	at koans.support.StopOnFirstFailure$$anonfun$runTests$1.apply(StopOnFirstFailure.scala:39)
	at koans.support.StopOnFirstFailure$$anonfun$runTests$1.apply(StopOnFirstFailure.scala:37)
	at scala.collection.Iterator$class.foreach(Iterator.scala:742)
	at scala.collection.AbstractIterator.foreach(Iterator.scala:1194)
	at koans.support.StopOnFirstFailure$class.runTests(StopOnFirstFailure.scala:37)
	at koans.support.KoanSuite.runTests(KoanSuite.scala:18)
	at org.scalatest.Suite$class.run(Suite.scala:1424)
	at org.scalatest.FunSuite.org$scalatest$FunSuiteLike$$super$run(FunSuite.scala:1555)
	at org.scalatest.FunSuiteLike$$anonfun$run$1.apply(FunSuiteLike.scala:212)
	at org.scalatest.FunSuiteLike$$anonfun$run$1.apply(FunSuiteLike.scala:212)
	at org.scalatest.SuperEngine.runImpl(Engine.scala:545)
	at org.scalatest.FunSuiteLike$class.run(FunSuiteLike.scala:212)
	at org.scalatest.FunSuite.run(FunSuite.scala:1555)
	at org.scalatest.tools.Framework.org$scalatest$tools$Framework$$runSuite(Framework.scala:466)
	at org.scalatest.tools.Framework$ScalaTestTask.execute(Framework.scala:677)
	at sbt.TestRunner.runTest$1(TestFramework.scala:76)
	at sbt.TestRunner.run(TestFramework.scala:85)
	at sbt.TestFramework$$anon$2$$anonfun$$init$$1$$anonfun$apply$8.apply(TestFramework.scala:202)
	at sbt.TestFramework$$anon$2$$anonfun$$init$$1$$anonfun$apply$8.apply(TestFramework.scala:202)
	at sbt.TestFramework$.sbt$TestFramework$$withContextLoader(TestFramework.scala:185)
	at sbt.TestFramework$$anon$2$$anonfun$$init$$1.apply(TestFramework.scala:202)
	at sbt.TestFramework$$anon$2$$anonfun$$init$$1.apply(TestFramework.scala:202)
	at sbt.TestFunction.apply(TestFramework.scala:207)
	at sbt.Tests$$anonfun$9.apply(Tests.scala:216)
	at sbt.Tests$$anonfun$9.apply(Tests.scala:216)
	at sbt.std.Transform$$anon$3$$anonfun$apply$2.apply(System.scala:44)
	at sbt.std.Transform$$anon$3$$anonfun$apply$2.apply(System.scala:44)
	at sbt.std.Transform$$anon$4.work(System.scala:63)
	at sbt.Execute$$anonfun$submit$1$$anonfun$apply$1.apply(Execute.scala:226)
	at sbt.Execute$$anonfun$submit$1$$anonfun$apply$1.apply(Execute.scala:226)
	at sbt.ErrorHandling$.wideConvert(ErrorHandling.scala:17)
	at sbt.Execute.work(Execute.scala:235)
	at sbt.Execute$$anonfun$submit$1.apply(Execute.scala:226)
	at sbt.Execute$$anonfun$submit$1.apply(Execute.scala:226)
	at sbt.ConcurrentRestrictions$$anon$4$$anonfun$1.apply(ConcurrentRestrictions.scala:159)
	at sbt.CompletionService$$anon$2.call(CompletionService.scala:28)
	at java.util.concurrent.FutureTask.run(FutureTask.java:266)
	at java.util.concurrent.Executors$RunnableAdapter.call(Executors.java:511)
	at java.util.concurrent.FutureTask.run(FutureTask.java:266)
	at java.util.concurrent.ThreadPoolExecutor.runWorker(ThreadPoolExecutor.java:1149)
	at java.util.concurrent.ThreadPoolExecutor$Worker.run(ThreadPoolExecutor.java:624)
	at java.lang.Thread.run(Thread.java:748)
</failure>
                                               </testcase>
                     <system-out></system-out>
                     <system-err></system-err>
                   </testsuite>